<?xml version="1.0" encoding="UTF-8"?>
<!-- Generated by org.testng.reporters.JUnitReportReporter -->
<testsuite hostname="DESKTOP-83CO59R" failures="0" tests="1" name="com.banking.testcases.TestCases" time="2.990" errors="0" timestamp="2021-11-04T19:42:08 BDT" skipped="0">
  <testcase classname="com.banking.testcases.TestCases" name="Test" time="2.990"/>
  <system-out/>
</testsuite> <!-- com.banking.testcases.TestCases -->
