<?xml version="1.0" encoding="UTF-8"?>
<!-- Generated by org.testng.reporters.JUnitReportReporter -->
<testsuite hostname="DESKTOP-83CO59R" failures="0" tests="1" name="com.banking.testcases.TestCase3" time="4.570" errors="0" timestamp="2021-11-05T11:18:54 BDT" skipped="0">
  <testcase classname="com.banking.testcases.TestCase3" name="Test" time="4.570"/>
  <system-out/>
</testsuite> <!-- com.banking.testcases.TestCase3 -->
