<?xml version="1.0" encoding="UTF-8"?>
<!-- Generated by org.testng.reporters.JUnitReportReporter -->
<testsuite hostname="DESKTOP-83CO59R" failures="0" tests="1" name="com.banking.testcases.TestCase2" time="5.402" errors="0" timestamp="2021-11-05T11:18:54 BDT" skipped="0">
  <testcase classname="com.banking.testcases.TestCase2" name="Test" time="5.402"/>
  <system-out/>
</testsuite> <!-- com.banking.testcases.TestCase2 -->
